\BOOKMARK [0][-]{chapter.1}{\376\377\000E\000i\000n\000f\000\374\000h\000r\000u\000n\000g}{}% 1
\BOOKMARK [0][-]{chapter.2}{\376\377\000I\000n\000s\000t\000a\000l\000l\000a\000t\000i\000o\000n}{}% 2
\BOOKMARK [1][-]{section.2.1}{\376\377\000P\000y\000t\000h\000o\000n}{chapter.2}% 3
\BOOKMARK [1][-]{section.2.2}{\376\377\000P\000a\000n\000d\000a\000s\000\040\000u\000n\000d\000\040\000M\000a\000t\000p\000l\000o\000t\000l\000i\000b}{chapter.2}% 4
\BOOKMARK [1][-]{section.2.3}{\376\377\000T\000e\000n\000s\000o\000r\000f\000l\000o\000w}{chapter.2}% 5
\BOOKMARK [1][-]{section.2.4}{\376\377\000O\000p\000t\000i\000o\000n\000a\000l\000:\000\040\000O\000p\000e\000n\000v\000c}{chapter.2}% 6
\BOOKMARK [0][-]{chapter.3}{\376\377\000M\000N\000I\000S\000T}{}% 7
\BOOKMARK [1][-]{section.3.1}{\376\377\000I\000m\000p\000l\000e\000m\000e\000n\000t\000i\000e\000r\000u\000n\000g\000:\000\040\000M\000N\000I\000S\000T\000\040\000D\000a\000t\000e\000n\000\040\000e\000i\000n\000l\000e\000s\000e\000n}{chapter.3}% 8
\BOOKMARK [1][-]{section.3.2}{\376\377\000T\000e\000s\000t\000e\000n\000:\000\040\000M\000N\000I\000S\000T\000\040\000D\000a\000t\000e\000n\000\040\000e\000i\000n\000l\000e\000s\000e\000n}{chapter.3}% 9
\BOOKMARK [0][-]{chapter.4}{\376\377\000M\000o\000d\000e\000l}{}% 10
\BOOKMARK [1][-]{section.4.1}{\376\377\000L\000o\000g\000i\000s\000t\000i\000c\000\040\000R\000e\000g\000r\000e\000s\000s\000i\000o\000n}{chapter.4}% 11
\BOOKMARK [1][-]{section.4.2}{\376\377\000S\000o\000f\000t\000m\000a\000x\000\040\000R\000e\000g\000r\000e\000s\000s\000i\000o\000n}{chapter.4}% 12
\BOOKMARK [1][-]{section.4.3}{\376\377\000I\000m\000p\000l\000e\000m\000e\000n\000t\000i\000e\000r\000u\000n\000g}{chapter.4}% 13
\BOOKMARK [0][-]{chapter.5}{\376\377\000B\000e\000w\000e\000r\000t\000u\000n\000g\000s\000s\000c\000h\000e\000m\000a}{}% 14
\BOOKMARK [0][-]{chapter.6}{\376\377\000T\000r\000a\000i\000n\000i\000e\000r\000e\000n}{}% 15
\BOOKMARK [1][-]{section.6.1}{\376\377\000I\000n\000i\000t\000i\000a\000l\000e\000\040\000G\000e\000w\000i\000c\000h\000t\000e}{chapter.6}% 16
\BOOKMARK [1][-]{section.6.2}{\376\377\000L\000e\000a\000r\000n\000i\000n\000g\000\040\000R\000a\000t\000e}{chapter.6}% 17
\BOOKMARK [1][-]{section.6.3}{\376\377\000I\000m\000p\000l\000e\000m\000e\000n\000t\000i\000e\000r\000u\000n\000g}{chapter.6}% 18
\BOOKMARK [0][-]{chapter.7}{\376\377\000E\000v\000a\000l\000u\000i\000e\000r\000e\000n\000\040\000u\000n\000d\000\040\000V\000i\000s\000u\000a\000l\000i\000s\000i\000e\000r\000e\000n}{}% 19
\BOOKMARK [1][-]{section.7.1}{\376\377\000A\000c\000c\000u\000r\000a\000c\000y}{chapter.7}% 20
\BOOKMARK [1][-]{section.7.2}{\376\377\000G\000r\000a\000p\000h}{chapter.7}% 21
\BOOKMARK [1][-]{section.7.3}{\376\377\000S\000k\000a\000l\000a\000r\000e}{chapter.7}% 22
\BOOKMARK [1][-]{section.7.4}{\376\377\000P\000r\000o\000j\000e\000k\000t\000o\000r}{chapter.7}% 23
\BOOKMARK [0][-]{chapter.8}{\376\377\000V\000e\000r\000w\000e\000n\000d\000e\000n\000\040\000d\000e\000s\000\040\000g\000e\000l\000e\000r\000n\000t\000e\000n\000\040\000M\000o\000d\000e\000l\000s\000:\000\040\000R\000e\000a\000l\000t\000i\000m\000e\000\040\000K\000l\000a\000s\000s\000i\000f\000i\000z\000i\000e\000r\000e\000r}{}% 24
\BOOKMARK [1][-]{section.8.1}{\376\377\000I\000m\000p\000l\000e\000m\000e\000n\000t\000a\000t\000i\000o\000n}{chapter.8}% 25
